<?xml version="1.0" encoding="UTF-8"?>
<testng-results ignored="0" total="15" passed="15" failed="0" skipped="0">
  <reporter-output>
  </reporter-output>
  <suite started-at="2024-04-10T10:21:12 IST" name="Default suite" finished-at="2024-04-10T10:21:12 IST" duration-ms="180">
    <groups>
    </groups>
    <test started-at="2024-04-10T10:21:12 IST" name="Default test" finished-at="2024-04-10T10:21:12 IST" duration-ms="180">
      <class name="com.selenium.Ignore_Test">
        <test-method signature="edge1()[pri:-3, instance:com.selenium.Ignore_Test@6253c26]" started-at="2024-04-10T10:21:12 IST" name="edge1" finished-at="2024-04-10T10:21:12 IST" duration-ms="18" status="PASS">
          <reporter-output>
          </reporter-output>
        </test-method> <!-- edge1 -->
        <test-method signature="chrome1()[pri:0, instance:com.selenium.Ignore_Test@6253c26]" started-at="2024-04-10T10:21:12 IST" name="chrome1" finished-at="2024-04-10T10:21:12 IST" duration-ms="2" status="PASS">
          <reporter-output>
          </reporter-output>
        </test-method> <!-- chrome1 -->
        <test-method signature="chrome1()[pri:0, instance:com.selenium.Ignore_Test@6253c26]" started-at="2024-04-10T10:21:12 IST" name="chrome1" finished-at="2024-04-10T10:21:12 IST" duration-ms="3" status="PASS">
          <reporter-output>
          </reporter-output>
        </test-method> <!-- chrome1 -->
        <test-method signature="chrome1()[pri:0, instance:com.selenium.Ignore_Test@6253c26]" started-at="2024-04-10T10:21:12 IST" name="chrome1" finished-at="2024-04-10T10:21:12 IST" duration-ms="3" status="PASS">
          <reporter-output>
          </reporter-output>
        </test-method> <!-- chrome1 -->
        <test-method signature="chrome1()[pri:0, instance:com.selenium.Ignore_Test@6253c26]" started-at="2024-04-10T10:21:12 IST" name="chrome1" finished-at="2024-04-10T10:21:12 IST" duration-ms="5" status="PASS">
          <reporter-output>
          </reporter-output>
        </test-method> <!-- chrome1 -->
        <test-method signature="chrome1()[pri:0, instance:com.selenium.Ignore_Test@6253c26]" started-at="2024-04-10T10:21:12 IST" name="chrome1" finished-at="2024-04-10T10:21:12 IST" duration-ms="5" status="PASS">
          <reporter-output>
          </reporter-output>
        </test-method> <!-- chrome1 -->
        <test-method signature="chrome1()[pri:0, instance:com.selenium.Ignore_Test@6253c26]" started-at="2024-04-10T10:21:12 IST" name="chrome1" finished-at="2024-04-10T10:21:12 IST" duration-ms="5" status="PASS">
          <reporter-output>
          </reporter-output>
        </test-method> <!-- chrome1 -->
        <test-method signature="chrome1()[pri:0, instance:com.selenium.Ignore_Test@6253c26]" started-at="2024-04-10T10:21:12 IST" name="chrome1" finished-at="2024-04-10T10:21:12 IST" duration-ms="5" status="PASS">
          <reporter-output>
          </reporter-output>
        </test-method> <!-- chrome1 -->
        <test-method signature="chrome1()[pri:0, instance:com.selenium.Ignore_Test@6253c26]" started-at="2024-04-10T10:21:12 IST" name="chrome1" finished-at="2024-04-10T10:21:12 IST" duration-ms="4" status="PASS">
          <reporter-output>
          </reporter-output>
        </test-method> <!-- chrome1 -->
        <test-method signature="chrome2()[pri:0, instance:com.selenium.Ignore_Test@6253c26]" started-at="2024-04-10T10:21:12 IST" name="chrome2" finished-at="2024-04-10T10:21:12 IST" duration-ms="1" status="PASS">
          <reporter-output>
          </reporter-output>
        </test-method> <!-- chrome2 -->
        <test-method signature="chrome2()[pri:0, instance:com.selenium.Ignore_Test@6253c26]" started-at="2024-04-10T10:21:12 IST" name="chrome2" finished-at="2024-04-10T10:21:12 IST" duration-ms="1" status="PASS">
          <reporter-output>
          </reporter-output>
        </test-method> <!-- chrome2 -->
        <test-method signature="chrome2()[pri:0, instance:com.selenium.Ignore_Test@6253c26]" started-at="2024-04-10T10:21:12 IST" name="chrome2" finished-at="2024-04-10T10:21:12 IST" duration-ms="5" status="PASS">
          <reporter-output>
          </reporter-output>
        </test-method> <!-- chrome2 -->
        <test-method signature="edge()[pri:0, instance:com.selenium.Ignore_Test@6253c26]" started-at="2024-04-10T10:21:12 IST" name="edge" finished-at="2024-04-10T10:21:12 IST" duration-ms="2" status="PASS">
          <reporter-output>
          </reporter-output>
        </test-method> <!-- edge -->
        <test-method signature="chrome3()[pri:2, instance:com.selenium.Ignore_Test@6253c26]" started-at="2024-04-10T10:21:12 IST" name="chrome3" finished-at="2024-04-10T10:21:12 IST" duration-ms="5" status="PASS">
          <reporter-output>
          </reporter-output>
        </test-method> <!-- chrome3 -->
        <test-method signature="firefox1()[pri:2, instance:com.selenium.Ignore_Test@6253c26]" started-at="2024-04-10T10:21:12 IST" name="firefox1" finished-at="2024-04-10T10:21:12 IST" duration-ms="2" status="PASS">
          <reporter-output>
          </reporter-output>
        </test-method> <!-- firefox1 -->
      </class> <!-- com.selenium.Ignore_Test -->
    </test> <!-- Default test -->
  </suite> <!-- Default suite -->
</testng-results>
